# JRE version: OpenJDK Runtime Environment (8.0_152-b06) (build 1.8.0_152-release-1136-b06)
# Java VM: OpenJDK 64-Bit Server VM (25.152-b06 mixed mode windows-amd64 compressed oops)
Heap:
 PSYoungGen      total 496640K, used 133476K [0x00000000e0000000, 0x0000000100000000, 0x0000000100000000)
  eden space 468480K, 25% used [0x00000000e0000000,0x00000000e7360b20,0x00000000fc980000)
  from space 28160K, 54% used [0x00000000fe480000,0x00000000ff378888,0x0000000100000000)
  to   space 27648K, 0% used [0x00000000fc980000,0x00000000fc980000,0x00000000fe480000)
 ParOldGen       total 162816K, used 118353K [0x00000000a0000000, 0x00000000a9f00000, 0x00000000e0000000)
  object space 162816K, 72% used [0x00000000a0000000,0x00000000a7394538,0x00000000a9f00000)
 Metaspace       used 96697K, capacity 103386K, committed 103700K, reserved 1140736K
  class space    used 11984K, capacity 13262K, committed 13372K, reserved 1048576K
GC Heap History (10 events):
Event: 6157.931 GC heap before
{Heap before GC invocations=42 (full 4):
 PSYoungGen      total 498688K, used 489018K [0x00000000e0000000, 0x00000000fff00000, 0x0000000100000000)
  eden space 474112K, 100% used [0x00000000e0000000,0x00000000fcf00000,0x00000000fcf00000)
  from space 24576K, 60% used [0x00000000fcf00000,0x00000000fdd8ea18,0x00000000fe700000)
  to   space 24576K, 0% used [0x00000000fe700000,0x00000000fe700000,0x00000000fff00000)
 ParOldGen       total 162816K, used 118313K [0x00000000a0000000, 0x00000000a9f00000, 0x00000000e0000000)
  object space 162816K, 72% used [0x00000000a0000000,0x00000000a738a538,0x00000000a9f00000)
 Metaspace       used 94875K, capacity 100812K, committed 101140K, reserved 1136640K
  class space    used 11828K, capacity 13002K, committed 13116K, reserved 1048576K
Event: 6158.274 GC heap after
Heap after GC invocations=42 (full 4):
 PSYoungGen      total 498688K, used 14032K [0x00000000e0000000, 0x0000000100000000, 0x0000000100000000)
  eden space 474112K, 0% used [0x00000000e0000000,0x00000000e0000000,0x00000000fcf00000)
  from space 24576K, 57% used [0x00000000fe700000,0x00000000ff4b40e8,0x00000000fff00000)
  to   space 24576K, 0% used [0x00000000fcf00000,0x00000000fcf00000,0x00000000fe700000)
 ParOldGen       total 162816K, used 118321K [0x00000000a0000000, 0x00000000a9f00000, 0x00000000e0000000)
  object space 162816K, 72% used [0x00000000a0000000,0x00000000a738c538,0x00000000a9f00000)
 Metaspace       used 94875K, capacity 100812K, committed 101140K, reserved 1136640K
  class space    used 11828K, capacity 13002K, committed 13116K, reserved 1048576K
}
Event: 7924.473 GC heap before
{Heap before GC invocations=43 (full 4):
 PSYoungGen      total 498688K, used 488144K [0x00000000e0000000, 0x0000000100000000, 0x0000000100000000)
  eden space 474112K, 100% used [0x00000000e0000000,0x00000000fcf00000,0x00000000fcf00000)
  from space 24576K, 57% used [0x00000000fe700000,0x00000000ff4b40e8,0x00000000fff00000)
  to   space 24576K, 0% used [0x00000000fcf00000,0x00000000fcf00000,0x00000000fe700000)
 ParOldGen       total 162816K, used 118321K [0x00000000a0000000, 0x00000000a9f00000, 0x00000000e0000000)
  object space 162816K, 72% used [0x00000000a0000000,0x00000000a738c538,0x00000000a9f00000)
 Metaspace       used 95694K, capacity 101950K, committed 102292K, reserved 1138688K
  class space    used 11927K, capacity 13138K, committed 13244K, reserved 1048576K
Event: 7924.786 GC heap after
Heap after GC invocations=43 (full 4):
 PSYoungGen      total 498688K, used 9316K [0x00000000e0000000, 0x00000000ffe00000, 0x0000000100000000)
  eden space 474112K, 0% used [0x00000000e0000000,0x00000000e0000000,0x00000000fcf00000)
  from space 24576K, 37% used [0x00000000fcf00000,0x00000000fd8192a8,0x00000000fe700000)
  to   space 23552K, 0% used [0x00000000fe700000,0x00000000fe700000,0x00000000ffe00000)
 ParOldGen       total 162816K, used 118329K [0x00000000a0000000, 0x00000000a9f00000, 0x00000000e0000000)
  object space 162816K, 72% used [0x00000000a0000000,0x00000000a738e538,0x00000000a9f00000)
 Metaspace       used 95694K, capacity 101950K, committed 102292K, reserved 1138688K
  class space    used 11927K, capacity 13138K, committed 13244K, reserved 1048576K
}
Event: 8057.877 GC heap before
{Heap before GC invocations=44 (full 4):
 PSYoungGen      total 498688K, used 483428K [0x00000000e0000000, 0x00000000ffe00000, 0x0000000100000000)
  eden space 474112K, 100% used [0x00000000e0000000,0x00000000fcf00000,0x00000000fcf00000)
  from space 24576K, 37% used [0x00000000fcf00000,0x00000000fd8192a8,0x00000000fe700000)
  to   space 23552K, 0% used [0x00000000fe700000,0x00000000fe700000,0x00000000ffe00000)
 ParOldGen       total 162816K, used 118329K [0x00000000a0000000, 0x00000000a9f00000, 0x00000000e0000000)
  object space 162816K, 72% used [0x00000000a0000000,0x00000000a738e538,0x00000000a9f00000)
 Metaspace       used 96231K, capacity 102728K, committed 102804K, reserved 1138688K
  class space    used 11969K, capacity 13213K, committed 13244K, reserved 1048576K
Event: 8059.090 GC heap after
Heap after GC invocations=44 (full 4):
 PSYoungGen      total 495616K, used 21997K [0x00000000e0000000, 0x0000000100000000, 0x0000000100000000)
  eden space 472064K, 0% used [0x00000000e0000000,0x00000000e0000000,0x00000000fcd00000)
  from space 23552K, 93% used [0x00000000fe700000,0x00000000ffc7b6b8,0x00000000ffe00000)
  to   space 26112K, 0% used [0x00000000fcd00000,0x00000000fcd00000,0x00000000fe680000)
 ParOldGen       total 162816K, used 118337K [0x00000000a0000000, 0x00000000a9f00000, 0x00000000e0000000)
  object space 162816K, 72% used [0x00000000a0000000,0x00000000a7390538,0x00000000a9f00000)
 Metaspace       used 96231K, capacity 102728K, committed 102804K, reserved 1138688K
  class space    used 11969K, capacity 13213K, committed 13244K, reserved 1048576K
}
Event: 8814.468 GC heap before
{Heap before GC invocations=45 (full 4):
 PSYoungGen      total 495616K, used 494061K [0x00000000e0000000, 0x0000000100000000, 0x0000000100000000)
  eden space 472064K, 100% used [0x00000000e0000000,0x00000000fcd00000,0x00000000fcd00000)
  from space 23552K, 93% used [0x00000000fe700000,0x00000000ffc7b6b8,0x00000000ffe00000)
  to   space 26112K, 0% used [0x00000000fcd00000,0x00000000fcd00000,0x00000000fe680000)
 ParOldGen       total 162816K, used 118337K [0x00000000a0000000, 0x00000000a9f00000, 0x00000000e0000000)
  object space 162816K, 72% used [0x00000000a0000000,0x00000000a7390538,0x00000000a9f00000)
 Metaspace       used 96569K, capacity 103254K, committed 103444K, reserved 1138688K
  class space    used 11984K, capacity 13262K, committed 13372K, reserved 1048576K
Event: 8814.903 GC heap after
Heap after GC invocations=45 (full 4):
 PSYoungGen      total 493568K, used 21323K [0x00000000e0000000, 0x0000000100000000, 0x0000000100000000)
  eden space 472064K, 0% used [0x00000000e0000000,0x00000000e0000000,0x00000000fcd00000)
  from space 21504K, 99% used [0x00000000fcd00000,0x00000000fe1d2f58,0x00000000fe200000)
  to   space 28160K, 0% used [0x00000000fe480000,0x00000000fe480000,0x0000000100000000)
 ParOldGen       total 162816K, used 118345K [0x00000000a0000000, 0x00000000a9f00000, 0x00000000e0000000)
  object space 162816K, 72% used [0x00000000a0000000,0x00000000a7392538,0x00000000a9f00000)
 Metaspace       used 96569K, capacity 103254K, committed 103444K, reserved 1138688K
  class space    used 11984K, capacity 13262K, committed 13372K, reserved 1048576K
}
Event: 9287.829 GC heap before
{Heap before GC invocations=46 (full 4):
 PSYoungGen      total 493568K, used 493387K [0x00000000e0000000, 0x0000000100000000, 0x0000000100000000)
  eden space 472064K, 100% used [0x00000000e0000000,0x00000000fcd00000,0x00000000fcd00000)
  from space 21504K, 99% used [0x00000000fcd00000,0x00000000fe1d2f58,0x00000000fe200000)
  to   space 28160K, 0% used [0x00000000fe480000,0x00000000fe480000,0x0000000100000000)
 ParOldGen       total 162816K, used 118345K [0x00000000a0000000, 0x00000000a9f00000, 0x00000000e0000000)
  object space 162816K, 72% used [0x00000000a0000000,0x00000000a7392538,0x00000000a9f00000)
 Metaspace       used 96590K, capacity 103254K, committed 103444K, reserved 1138688K
  class space    used 11984K, capacity 13262K, committed 13372K, reserved 1048576K
Event: 9288.681 GC heap after
Heap after GC invocations=46 (full 4):
 PSYoungGen      total 496640K, used 15330K [0x00000000e0000000, 0x0000000100000000, 0x0000000100000000)
  eden space 468480K, 0% used [0x00000000e0000000,0x00000000e0000000,0x00000000fc980000)
  from space 28160K, 54% used [0x00000000fe480000,0x00000000ff378888,0x0000000100000000)
  to   space 27648K, 0% used [0x00000000fc980000,0x00000000fc980000,0x00000000fe480000)
 ParOldGen       total 162816K, used 118353K [0x00000000a0000000, 0x00000000a9f00000, 0x00000000e0000000)
  object space 162816K, 72% used [0x00000000a0000000,0x00000000a7394538,0x00000000a9f00000)
 Metaspace       used 96590K, capacity 103254K, committed 103444K, reserved 1138688K
  class space    used 11984K, capacity 13262K, committed 13372K, reserved 1048576K
}

